c:\programming\age\engine\libs\vendor\msdf-atlas-gen\bin\debug-windows-x86_64\msdf-atlas-gen\msdf-atlas-gen.pdb
c:\programming\age\engine\libs\vendor\msdf-atlas-gen\bin\debug-windows-x86_64\msdf-atlas-gen\msdf-atlas-gen.idb
c:\programming\age\engine\libs\vendor\msdf-atlas-gen\bin-int\debug-windows-x86_64\msdf-atlas-gen\utf8.obj
c:\programming\age\engine\libs\vendor\msdf-atlas-gen\bin-int\debug-windows-x86_64\msdf-atlas-gen\size-selectors.obj
c:\programming\age\engine\libs\vendor\msdf-atlas-gen\bin-int\debug-windows-x86_64\msdf-atlas-gen\shadron-preview-generator.obj
c:\programming\age\engine\libs\vendor\msdf-atlas-gen\bin-int\debug-windows-x86_64\msdf-atlas-gen\main.obj
c:\programming\age\engine\libs\vendor\msdf-atlas-gen\bin-int\debug-windows-x86_64\msdf-atlas-gen\json-export.obj
c:\programming\age\engine\libs\vendor\msdf-atlas-gen\bin-int\debug-windows-x86_64\msdf-atlas-gen\image-encode.obj
c:\programming\age\engine\libs\vendor\msdf-atlas-gen\bin-int\debug-windows-x86_64\msdf-atlas-gen\glyph-generators.obj
c:\programming\age\engine\libs\vendor\msdf-atlas-gen\bin-int\debug-windows-x86_64\msdf-atlas-gen\csv-export.obj
c:\programming\age\engine\libs\vendor\msdf-atlas-gen\bin-int\debug-windows-x86_64\msdf-atlas-gen\charset-parser.obj
c:\programming\age\engine\libs\vendor\msdf-atlas-gen\bin-int\debug-windows-x86_64\msdf-atlas-gen\bitmap-blit.obj
c:\programming\age\engine\libs\vendor\msdf-atlas-gen\bin-int\debug-windows-x86_64\msdf-atlas-gen\artery-font-export.obj
c:\programming\age\engine\libs\vendor\msdf-atlas-gen\bin-int\debug-windows-x86_64\msdf-atlas-gen\workload.obj
c:\programming\age\engine\libs\vendor\msdf-atlas-gen\bin-int\debug-windows-x86_64\msdf-atlas-gen\tightatlaspacker.obj
c:\programming\age\engine\libs\vendor\msdf-atlas-gen\bin-int\debug-windows-x86_64\msdf-atlas-gen\rectanglepacker.obj
c:\programming\age\engine\libs\vendor\msdf-atlas-gen\bin-int\debug-windows-x86_64\msdf-atlas-gen\padding.obj
c:\programming\age\engine\libs\vendor\msdf-atlas-gen\bin-int\debug-windows-x86_64\msdf-atlas-gen\gridatlaspacker.obj
c:\programming\age\engine\libs\vendor\msdf-atlas-gen\bin-int\debug-windows-x86_64\msdf-atlas-gen\glyphgeometry.obj
c:\programming\age\engine\libs\vendor\msdf-atlas-gen\bin-int\debug-windows-x86_64\msdf-atlas-gen\fontgeometry.obj
c:\programming\age\engine\libs\vendor\msdf-atlas-gen\bin-int\debug-windows-x86_64\msdf-atlas-gen\charset.obj
c:\programming\age\engine\libs\vendor\msdf-atlas-gen\bin\debug-windows-x86_64\msdf-atlas-gen\msdf-atlas-gen.lib
c:\programming\age\engine\libs\vendor\msdf-atlas-gen\bin-int\debug-windows-x86_64\msdf-atlas-gen\msdf-atlas-gen.tlog\cl.command.1.tlog
c:\programming\age\engine\libs\vendor\msdf-atlas-gen\bin-int\debug-windows-x86_64\msdf-atlas-gen\msdf-atlas-gen.tlog\cl.items.tlog
c:\programming\age\engine\libs\vendor\msdf-atlas-gen\bin-int\debug-windows-x86_64\msdf-atlas-gen\msdf-atlas-gen.tlog\cl.read.1.tlog
c:\programming\age\engine\libs\vendor\msdf-atlas-gen\bin-int\debug-windows-x86_64\msdf-atlas-gen\msdf-atlas-gen.tlog\cl.write.1.tlog
c:\programming\age\engine\libs\vendor\msdf-atlas-gen\bin-int\debug-windows-x86_64\msdf-atlas-gen\msdf-atlas-gen.tlog\lib-link.read.1.tlog
c:\programming\age\engine\libs\vendor\msdf-atlas-gen\bin-int\debug-windows-x86_64\msdf-atlas-gen\msdf-atlas-gen.tlog\lib-link.write.1.tlog
c:\programming\age\engine\libs\vendor\msdf-atlas-gen\bin-int\debug-windows-x86_64\msdf-atlas-gen\msdf-atlas-gen.tlog\lib.command.1.tlog
